[debug] [2026-03-19T16:44:58.371Z] ----------------------------------------------------------------------
[debug] [2026-03-19T16:44:58.377Z] Command:       C:\Program Files\nodejs\node.exe C:\Users\andre\AppData\Roaming\npm\node_modules\firebase-tools\lib\bin\firebase.js deploy --only functions:deleteUser
[debug] [2026-03-19T16:44:58.378Z] CLI Version:   15.5.1
[debug] [2026-03-19T16:44:58.378Z] Platform:      win32
[debug] [2026-03-19T16:44:58.378Z] Node Version:  v22.14.0
[debug] [2026-03-19T16:44:58.379Z] Time:          Thu Mar 19 2026 10:44:58 GMT-0600 (hora estándar central)
[debug] [2026-03-19T16:44:58.379Z] ----------------------------------------------------------------------
[debug] 
[debug] [2026-03-19T16:45:02.016Z] > command requires scopes: ["email","openid","https://www.googleapis.com/auth/cloudplatformprojects.readonly","https://www.googleapis.com/auth/firebase","https://www.googleapis.com/auth/cloud-platform"]
[debug] [2026-03-19T16:45:02.017Z] > authorizing via signed-in user (andreyjpg61@gmail.com)
[debug] [2026-03-19T16:45:02.018Z] [iam] checking project beatmotion-b1ec6 for permissions ["cloudfunctions.functions.create","cloudfunctions.functions.delete","cloudfunctions.functions.get","cloudfunctions.functions.list","cloudfunctions.functions.update","cloudfunctions.operations.get","firebase.projects.get"]
[debug] [2026-03-19T16:45:02.020Z] Checked if tokens are valid: true, expires at: 1773941605935
[debug] [2026-03-19T16:45:02.020Z] Checked if tokens are valid: true, expires at: 1773941605935
[debug] [2026-03-19T16:45:02.022Z] >>> [apiv2][query] POST https://cloudresourcemanager.googleapis.com/v1/projects/beatmotion-b1ec6:testIamPermissions [none]
[debug] [2026-03-19T16:45:02.022Z] >>> [apiv2][(partial)header] POST https://cloudresourcemanager.googleapis.com/v1/projects/beatmotion-b1ec6:testIamPermissions  x-goog-user-project=beatmotion-b1ec6
[debug] [2026-03-19T16:45:02.023Z] >>> [apiv2][body] POST https://cloudresourcemanager.googleapis.com/v1/projects/beatmotion-b1ec6:testIamPermissions {"permissions":["cloudfunctions.functions.create","cloudfunctions.functions.delete","cloudfunctions.functions.get","cloudfunctions.functions.list","cloudfunctions.functions.update","cloudfunctions.operations.get","firebase.projects.get"]}
[debug] [2026-03-19T16:45:02.976Z] <<< [apiv2][status] POST https://cloudresourcemanager.googleapis.com/v1/projects/beatmotion-b1ec6:testIamPermissions 200
[debug] [2026-03-19T16:45:02.977Z] <<< [apiv2][body] POST https://cloudresourcemanager.googleapis.com/v1/projects/beatmotion-b1ec6:testIamPermissions {"permissions":["cloudfunctions.functions.create","cloudfunctions.functions.delete","cloudfunctions.functions.get","cloudfunctions.functions.list","cloudfunctions.functions.update","cloudfunctions.operations.get","firebase.projects.get"]}
[debug] [2026-03-19T16:45:02.977Z] Checked if tokens are valid: true, expires at: 1773941605935
[debug] [2026-03-19T16:45:02.978Z] Checked if tokens are valid: true, expires at: 1773941605935
[debug] [2026-03-19T16:45:02.978Z] >>> [apiv2][query] POST https://iam.googleapis.com/v1/projects/beatmotion-b1ec6/serviceAccounts/beatmotion-b1ec6@appspot.gserviceaccount.com:testIamPermissions [none]
[debug] [2026-03-19T16:45:02.978Z] >>> [apiv2][body] POST https://iam.googleapis.com/v1/projects/beatmotion-b1ec6/serviceAccounts/beatmotion-b1ec6@appspot.gserviceaccount.com:testIamPermissions {"permissions":["iam.serviceAccounts.actAs"]}
[debug] [2026-03-19T16:45:03.512Z] <<< [apiv2][status] POST https://iam.googleapis.com/v1/projects/beatmotion-b1ec6/serviceAccounts/beatmotion-b1ec6@appspot.gserviceaccount.com:testIamPermissions 200
[debug] [2026-03-19T16:45:03.512Z] <<< [apiv2][body] POST https://iam.googleapis.com/v1/projects/beatmotion-b1ec6/serviceAccounts/beatmotion-b1ec6@appspot.gserviceaccount.com:testIamPermissions {"permissions":["iam.serviceAccounts.actAs"]}
[info] 
[info] === Deploying to 'beatmotion-b1ec6'...
[info] 
[info] i  deploying functions 
[info] +  functions: Finished running predeploy script. 
[debug] [2026-03-19T16:45:03.522Z] Checked if tokens are valid: true, expires at: 1773941605935
[debug] [2026-03-19T16:45:03.522Z] Checked if tokens are valid: true, expires at: 1773941605935
[debug] [2026-03-19T16:45:03.522Z] >>> [apiv2][query] GET https://cloudresourcemanager.googleapis.com/v1/projects/beatmotion-b1ec6 [none]
[debug] [2026-03-19T16:45:03.741Z] <<< [apiv2][status] GET https://cloudresourcemanager.googleapis.com/v1/projects/beatmotion-b1ec6 200
[debug] [2026-03-19T16:45:03.741Z] <<< [apiv2][body] GET https://cloudresourcemanager.googleapis.com/v1/projects/beatmotion-b1ec6 {"projectNumber":"736000845187","projectId":"beatmotion-b1ec6","lifecycleState":"ACTIVE","name":"beatmotion","labels":{"firebase":"enabled","firebase-core":"disabled"},"createTime":"2025-09-11T18:13:59.203916Z"}
[info] i  functions: preparing codebase default for deployment 
[info] i  functions: ensuring required API cloudfunctions.googleapis.com is enabled... 
[info] i  functions: ensuring required API cloudbuild.googleapis.com is enabled... 
[info] i  artifactregistry: ensuring required API artifactregistry.googleapis.com is enabled... 
[debug] [2026-03-19T16:45:03.747Z] Checked if tokens are valid: true, expires at: 1773941605935
[debug] [2026-03-19T16:45:03.747Z] Checked if tokens are valid: true, expires at: 1773941605935
[debug] [2026-03-19T16:45:03.747Z] >>> [apiv2][query] GET https://firebase.googleapis.com/v1beta1/projects/beatmotion-b1ec6/adminSdkConfig [none]
[debug] [2026-03-19T16:45:04.461Z] <<< [apiv2][status] GET https://firebase.googleapis.com/v1beta1/projects/beatmotion-b1ec6/adminSdkConfig 200
[debug] [2026-03-19T16:45:04.461Z] <<< [apiv2][body] GET https://firebase.googleapis.com/v1beta1/projects/beatmotion-b1ec6/adminSdkConfig {"projectId":"beatmotion-b1ec6","databaseURL":"https://beatmotion-b1ec6-default-rtdb.firebaseio.com","storageBucket":"beatmotion-b1ec6.firebasestorage.app"}
[debug] [2026-03-19T16:45:04.462Z] Checked if tokens are valid: true, expires at: 1773941605935
[debug] [2026-03-19T16:45:04.462Z] Checked if tokens are valid: true, expires at: 1773941605935
[debug] [2026-03-19T16:45:04.462Z] >>> [apiv2][query] GET https://runtimeconfig.googleapis.com/v1beta1/projects/beatmotion-b1ec6/configs [none]
[debug] [2026-03-19T16:45:05.177Z] <<< [apiv2][status] GET https://runtimeconfig.googleapis.com/v1beta1/projects/beatmotion-b1ec6/configs 200
[debug] [2026-03-19T16:45:05.177Z] <<< [apiv2][body] GET https://runtimeconfig.googleapis.com/v1beta1/projects/beatmotion-b1ec6/configs {}
[debug] [2026-03-19T16:45:05.180Z] Validating nodejs source
[warn] !  functions: package.json indicates an outdated version of firebase-functions. Please upgrade using npm install --save firebase-functions@latest in your functions directory. 
[warn] !  functions: Please note that there will be breaking changes when you upgrade. 
[debug] [2026-03-19T16:45:07.957Z] > [functions] package.json contents: {
  "name": "functions",
  "scripts": {
    "lint": "eslint --ext .js,.ts .",
    "build": "tsc",
    "build:watch": "tsc --watch",
    "serve": "npm run build && firebase emulators:start --only functions",
    "shell": "npm run build && firebase functions:shell",
    "start": "npm run shell",
    "deploy": "firebase deploy --only functions",
    "logs": "firebase functions:log"
  },
  "engines": {
    "node": "22"
  },
  "main": "lib/index.js",
  "dependencies": {
    "firebase-admin": "^12.6.0",
    "firebase-functions": "^6.0.1"
  },
  "devDependencies": {
    "@typescript-eslint/eslint-plugin": "^5.12.0",
    "@typescript-eslint/parser": "^5.12.0",
    "eslint": "^8.9.0",
    "eslint-config-google": "^0.14.0",
    "eslint-plugin-import": "^2.25.4",
    "firebase-functions-test": "^3.1.0",
    "typescript": "^5.7.3"
  },
  "private": true
}
[debug] [2026-03-19T16:45:07.957Z] Building nodejs source
[info] i  functions: Loading and analyzing source code for codebase default to determine what to deploy 
[debug] [2026-03-19T16:45:07.959Z] Could not find functions.yaml. Must use http discovery
[debug] [2026-03-19T16:45:07.986Z] Found firebase-functions binary at 'C:\Users\andre\Documents\GitHub\BeatMotion-Diria\functions\node_modules\.bin\firebase-functions'
[info] Serving at port 8407

[debug] [2026-03-19T16:45:09.394Z] Got response from /__/functions.yaml {"endpoints":{"onEnrollmentAccepted":{"availableMemoryMb":null,"timeoutSeconds":null,"minInstances":null,"maxInstances":null,"ingressSettings":null,"concurrency":null,"serviceAccountEmail":null,"vpc":null,"platform":"gcfv2","labels":{},"eventTrigger":{"eventType":"google.cloud.firestore.document.v1.updated","eventFilters":{"database":"(default)","namespace":"(default)"},"eventFilterPathPatterns":{"document":"enrollments/{enrollmentId}"},"retry":false},"entryPoint":"onEnrollmentAccepted"},"onEnrollmentCreatedByManual":{"availableMemoryMb":null,"timeoutSeconds":null,"minInstances":null,"maxInstances":null,"ingressSettings":null,"concurrency":null,"serviceAccountEmail":null,"vpc":null,"platform":"gcfv2","labels":{},"eventTrigger":{"eventType":"google.cloud.firestore.document.v1.created","eventFilters":{"database":"(default)","namespace":"(default)"},"eventFilterPathPatterns":{"document":"enrollments/{enrollmentId}"},"retry":false},"entryPoint":"onEnrollmentCreatedByManual"},"onPaymentAccepted":{"availableMemoryMb":null,"timeoutSeconds":null,"minInstances":null,"maxInstances":null,"ingressSettings":null,"concurrency":null,"serviceAccountEmail":null,"vpc":null,"platform":"gcfv2","labels":{},"eventTrigger":{"eventType":"google.cloud.firestore.document.v1.updated","eventFilters":{"database":"(default)","namespace":"(default)"},"eventFilterPathPatterns":{"document":"payments/{paymentId}"},"retry":false},"entryPoint":"onPaymentAccepted"},"sendExpoPushNotification":{"availableMemoryMb":null,"timeoutSeconds":null,"minInstances":null,"maxInstances":null,"ingressSettings":null,"concurrency":null,"serviceAccountEmail":null,"vpc":null,"platform":"gcfv2","labels":{},"callableTrigger":{},"entryPoint":"sendExpoPushNotification"},"checkPaymentStatus":{"availableMemoryMb":null,"timeoutSeconds":null,"minInstances":null,"maxInstances":null,"ingressSettings":null,"concurrency":null,"serviceAccountEmail":null,"vpc":null,"platform":"gcfv2","labels":{},"scheduleTrigger":{"schedule":"0 12 * * *","retryConfig":{},"timeZone":"America/Costa_Rica"},"entryPoint":"checkPaymentStatus"},"deleteUser":{"availableMemoryMb":null,"timeoutSeconds":null,"minInstances":null,"maxInstances":null,"ingressSettings":null,"concurrency":null,"serviceAccountEmail":null,"vpc":null,"platform":"gcfv2","labels":{},"callableTrigger":{},"entryPoint":"deleteUser"}},"specVersion":"v1alpha1","requiredAPIs":[{"api":"cloudscheduler.googleapis.com","reason":"Needed for scheduled functions."}],"extensions":{}}
[info] i  extensions: ensuring required API firebaseextensions.googleapis.com is enabled... 
[debug] [2026-03-19T16:45:13.465Z] > command requires scopes: ["email","openid","https://www.googleapis.com/auth/cloudplatformprojects.readonly","https://www.googleapis.com/auth/firebase","https://www.googleapis.com/auth/cloud-platform"]
[debug] [2026-03-19T16:45:13.466Z] > authorizing via signed-in user (andreyjpg61@gmail.com)
[debug] [2026-03-19T16:45:13.466Z] [iam] checking project beatmotion-b1ec6 for permissions ["firebase.projects.get","firebaseextensions.instances.list"]
[debug] [2026-03-19T16:45:13.466Z] Checked if tokens are valid: true, expires at: 1773941605935
[debug] [2026-03-19T16:45:13.467Z] Checked if tokens are valid: true, expires at: 1773941605935
[debug] [2026-03-19T16:45:13.467Z] >>> [apiv2][query] POST https://cloudresourcemanager.googleapis.com/v1/projects/beatmotion-b1ec6:testIamPermissions [none]
[debug] [2026-03-19T16:45:13.467Z] >>> [apiv2][(partial)header] POST https://cloudresourcemanager.googleapis.com/v1/projects/beatmotion-b1ec6:testIamPermissions  x-goog-user-project=beatmotion-b1ec6
[debug] [2026-03-19T16:45:13.467Z] >>> [apiv2][body] POST https://cloudresourcemanager.googleapis.com/v1/projects/beatmotion-b1ec6:testIamPermissions {"permissions":["firebase.projects.get","firebaseextensions.instances.list"]}
[debug] [2026-03-19T16:45:14.023Z] <<< [apiv2][status] POST https://cloudresourcemanager.googleapis.com/v1/projects/beatmotion-b1ec6:testIamPermissions 200
[debug] [2026-03-19T16:45:14.024Z] <<< [apiv2][body] POST https://cloudresourcemanager.googleapis.com/v1/projects/beatmotion-b1ec6:testIamPermissions {"permissions":["firebase.projects.get","firebaseextensions.instances.list"]}
[debug] [2026-03-19T16:45:14.024Z] Checked if tokens are valid: true, expires at: 1773941605935
[debug] [2026-03-19T16:45:14.025Z] Checked if tokens are valid: true, expires at: 1773941605935
[debug] [2026-03-19T16:45:14.025Z] >>> [apiv2][query] GET https://firebaseextensions.googleapis.com/v1beta/projects/beatmotion-b1ec6/instances pageSize=100&pageToken=
[debug] [2026-03-19T16:45:14.943Z] <<< [apiv2][status] GET https://firebaseextensions.googleapis.com/v1beta/projects/beatmotion-b1ec6/instances 200
[debug] [2026-03-19T16:45:14.943Z] <<< [apiv2][body] GET https://firebaseextensions.googleapis.com/v1beta/projects/beatmotion-b1ec6/instances {}
[info] i  functions: preparing functions directory for uploading... 
[info] i  functions: packaged C:\Users\andre\Documents\GitHub\BeatMotion-Diria\functions (110.52 KB) for uploading 
[debug] [2026-03-19T16:45:15.089Z] Checked if tokens are valid: true, expires at: 1773941605935
[debug] [2026-03-19T16:45:15.089Z] Checked if tokens are valid: true, expires at: 1773941605935
[debug] [2026-03-19T16:45:15.090Z] >>> [apiv2][query] GET https://cloudfunctions.googleapis.com/v1/projects/beatmotion-b1ec6/locations/-/functions [none]
[debug] [2026-03-19T16:45:16.200Z] <<< [apiv2][status] GET https://cloudfunctions.googleapis.com/v1/projects/beatmotion-b1ec6/locations/-/functions 200
[debug] [2026-03-19T16:45:16.200Z] <<< [apiv2][body] GET https://cloudfunctions.googleapis.com/v1/projects/beatmotion-b1ec6/locations/-/functions {}
[debug] [2026-03-19T16:45:16.200Z] Checked if tokens are valid: true, expires at: 1773941605935
[debug] [2026-03-19T16:45:16.201Z] Checked if tokens are valid: true, expires at: 1773941605935
[debug] [2026-03-19T16:45:16.201Z] >>> [apiv2][query] GET https://cloudfunctions.googleapis.com/v2/projects/beatmotion-b1ec6/locations/-/functions filter=environment%3D%22GEN_2%22
[debug] [2026-03-19T16:45:17.063Z] <<< [apiv2][status] GET https://cloudfunctions.googleapis.com/v2/projects/beatmotion-b1ec6/locations/-/functions 200
[debug] [2026-03-19T16:45:17.063Z] <<< [apiv2][body] GET https://cloudfunctions.googleapis.com/v2/projects/beatmotion-b1ec6/locations/-/functions {"functions":[{"name":"projects/beatmotion-b1ec6/locations/us-central1/functions/onPaymentAccepted","buildConfig":{"build":"projects/736000845187/locations/us-central1/builds/4a0db60a-e101-42da-a299-c30071bcead0","runtime":"nodejs22","entryPoint":"onPaymentAccepted","source":{"storageSource":{"bucket":"gcf-v2-sources-736000845187-us-central1","object":"onPaymentAccepted/function-source.zip","generation":"1764703487693140"}},"environmentVariables":{"GOOGLE_NODE_RUN_SCRIPTS":""},"dockerRepository":"projects/beatmotion-b1ec6/locations/us-central1/repositories/gcf-artifacts","sourceProvenance":{"resolvedStorageSource":{"bucket":"gcf-v2-sources-736000845187-us-central1","object":"onPaymentAccepted/function-source.zip","generation":"1764703487693140"}},"dockerRegistry":"ARTIFACT_REGISTRY","serviceAccount":"projects/beatmotion-b1ec6/serviceAccounts/736000845187-compute@developer.gserviceaccount.com","automaticUpdatePolicy":{}},"serviceConfig":{"service":"projects/beatmotion-b1ec6/locations/us-central1/services/onpaymentaccepted","timeoutSeconds":60,"environmentVariables":{"FIREBASE_CONFIG":"{\"projectId\":\"beatmotion-b1ec6\",\"databaseURL\":\"https://beatmotion-b1ec6-default-rtdb.firebaseio.com\",\"storageBucket\":\"beatmotion-b1ec6.firebasestorage.app\"}","GCLOUD_PROJECT":"beatmotion-b1ec6","EVENTARC_CLOUD_EVENT_SOURCE":"projects/beatmotion-b1ec6/locations/us-central1/services/onPaymentAccepted","FUNCTION_SIGNATURE_TYPE":"cloudevent","FUNCTION_TARGET":"onPaymentAccepted","LOG_EXECUTION_ID":"true"},"maxInstanceCount":20,"ingressSettings":"ALLOW_ALL","uri":"https://onpaymentaccepted-thluv5b3ba-uc.a.run.app","serviceAccountEmail":"736000845187-compute@developer.gserviceaccount.com","availableMemory":"256Mi","allTrafficOnLatestRevision":true,"revision":"onpaymentaccepted-00007-veq","maxInstanceRequestConcurrency":80,"availableCpu":"1"},"eventTrigger":{"trigger":"projects/beatmotion-b1ec6/locations/nam5/triggers/onpaymentaccepted-021911","triggerRegion":"nam5","eventType":"google.cloud.firestore.document.v1.updated","eventFilters":[{"attribute":"database","value":"(default)"},{"attribute":"namespace","value":"(default)"},{"attribute":"document","value":"payments/{paymentId}","operator":"match-path-pattern"}],"pubsubTopic":"projects/beatmotion-b1ec6/topics/eventarc-nam5-onpaymentaccepted-021911-553","serviceAccountEmail":"736000845187-compute@developer.gserviceaccount.com","retryPolicy":"RETRY_POLICY_DO_NOT_RETRY"},"state":"ACTIVE","updateTime":"2025-12-02T19:24:54.897718921Z","labels":{"deployment-tool":"cli-firebase","firebase-functions-hash":"5d19086b3903d845ce115a5d1e943ad9b2c5a994"},"environment":"GEN_2","url":"https://us-central1-beatmotion-b1ec6.cloudfunctions.net/onPaymentAccepted","createTime":"2025-11-30T05:28:59.065236111Z","satisfiesPzi":true},{"name":"projects/beatmotion-b1ec6/locations/us-central1/functions/checkPaymentStatus","buildConfig":{"build":"projects/736000845187/locations/us-central1/builds/4a0db60a-e101-42da-a299-c30071bcead0","runtime":"nodejs22","entryPoint":"checkPaymentStatus","source":{"storageSource":{"bucket":"gcf-v2-sources-736000845187-us-central1","object":"checkPaymentStatus/function-source.zip","generation":"1764703487674781"}},"environmentVariables":{"GOOGLE_NODE_RUN_SCRIPTS":""},"dockerRepository":"projects/beatmotion-b1ec6/locations/us-central1/repositories/gcf-artifacts","sourceProvenance":{"resolvedStorageSource":{"bucket":"gcf-v2-sources-736000845187-us-central1","object":"checkPaymentStatus/function-source.zip","generation":"1764703487674781"}},"dockerRegistry":"ARTIFACT_REGISTRY","serviceAccount":"projects/beatmotion-b1ec6/serviceAccounts/736000845187-compute@developer.gserviceaccount.com","automaticUpdatePolicy":{}},"serviceConfig":{"service":"projects/beatmotion-b1ec6/locations/us-central1/services/checkpaymentstatus","timeoutSeconds":60,"environmentVariables":{"FIREBASE_CONFIG":"{\"projectId\":\"beatmotion-b1ec6\",\"databaseURL\":\"https://beatmotion-b1ec6-default-rtdb.firebaseio.com\",\"storageBucket\":\"beatmotion-b1ec6.firebasestorage.app\"}","GCLOUD_PROJECT":"beatmotion-b1ec6","EVENTARC_CLOUD_EVENT_SOURCE":"projects/beatmotion-b1ec6/locations/us-central1/services/checkPaymentStatus","FUNCTION_TARGET":"checkPaymentStatus","LOG_EXECUTION_ID":"true","FUNCTION_SIGNATURE_TYPE":"http"},"maxInstanceCount":20,"ingressSettings":"ALLOW_ALL","uri":"https://checkpaymentstatus-thluv5b3ba-uc.a.run.app","serviceAccountEmail":"736000845187-compute@developer.gserviceaccount.com","availableMemory":"256Mi","allTrafficOnLatestRevision":true,"revision":"checkpaymentstatus-00008-qof","maxInstanceRequestConcurrency":80,"availableCpu":"1"},"state":"ACTIVE","updateTime":"2025-12-02T19:24:55.793249321Z","labels":{"deployment-tool":"cli-firebase","deployment-scheduled":"true","firebase-functions-hash":"5d19086b3903d845ce115a5d1e943ad9b2c5a994"},"environment":"GEN_2","url":"https://us-central1-beatmotion-b1ec6.cloudfunctions.net/checkPaymentStatus","createTime":"2025-11-26T04:47:45.810392310Z","satisfiesPzi":true},{"name":"projects/beatmotion-b1ec6/locations/us-central1/functions/onEnrollmentAccepted","buildConfig":{"build":"projects/736000845187/locations/us-central1/builds/4a0db60a-e101-42da-a299-c30071bcead0","runtime":"nodejs22","entryPoint":"onEnrollmentAccepted","source":{"storageSource":{"bucket":"gcf-v2-sources-736000845187-us-central1","object":"onEnrollmentAccepted/function-source.zip","generation":"1764703428227962"}},"environmentVariables":{"GOOGLE_NODE_RUN_SCRIPTS":""},"dockerRepository":"projects/beatmotion-b1ec6/locations/us-central1/repositories/gcf-artifacts","sourceProvenance":{"resolvedStorageSource":{"bucket":"gcf-v2-sources-736000845187-us-central1","object":"onEnrollmentAccepted/function-source.zip","generation":"1764703428227962"}},"dockerRegistry":"ARTIFACT_REGISTRY","serviceAccount":"projects/beatmotion-b1ec6/serviceAccounts/736000845187-compute@developer.gserviceaccount.com","automaticUpdatePolicy":{}},"serviceConfig":{"service":"projects/beatmotion-b1ec6/locations/us-central1/services/onenrollmentaccepted","timeoutSeconds":60,"environmentVariables":{"FIREBASE_CONFIG":"{\"projectId\":\"beatmotion-b1ec6\",\"databaseURL\":\"https://beatmotion-b1ec6-default-rtdb.firebaseio.com\",\"storageBucket\":\"beatmotion-b1ec6.firebasestorage.app\"}","GCLOUD_PROJECT":"beatmotion-b1ec6","EVENTARC_CLOUD_EVENT_SOURCE":"projects/beatmotion-b1ec6/locations/us-central1/services/onEnrollmentAccepted","FUNCTION_SIGNATURE_TYPE":"cloudevent","FUNCTION_TARGET":"onEnrollmentAccepted","LOG_EXECUTION_ID":"true"},"maxInstanceCount":20,"ingressSettings":"ALLOW_ALL","uri":"https://onenrollmentaccepted-thluv5b3ba-uc.a.run.app","serviceAccountEmail":"736000845187-compute@developer.gserviceaccount.com","availableMemory":"256Mi","allTrafficOnLatestRevision":true,"revision":"onenrollmentaccepted-00015-nox","maxInstanceRequestConcurrency":80,"availableCpu":"1"},"eventTrigger":{"trigger":"projects/beatmotion-b1ec6/locations/nam5/triggers/onenrollmentaccepted-309405","triggerRegion":"nam5","eventType":"google.cloud.firestore.document.v1.updated","eventFilters":[{"attribute":"document","value":"enrollments/{enrollmentId}","operator":"match-path-pattern"},{"attribute":"database","value":"(default)"},{"attribute":"namespace","value":"(default)"}],"pubsubTopic":"projects/beatmotion-b1ec6/topics/eventarc-nam5-onenrollmentaccepted-309405-014","serviceAccountEmail":"736000845187-compute@developer.gserviceaccount.com","retryPolicy":"RETRY_POLICY_DO_NOT_RETRY"},"state":"ACTIVE","updateTime":"2025-12-02T19:24:47.003603359Z","labels":{"deployment-tool":"cli-firebase","firebase-functions-hash":"5d19086b3903d845ce115a5d1e943ad9b2c5a994"},"environment":"GEN_2","url":"https://us-central1-beatmotion-b1ec6.cloudfunctions.net/onEnrollmentAccepted","createTime":"2025-11-03T02:33:01.579067348Z","satisfiesPzi":true},{"name":"projects/beatmotion-b1ec6/locations/us-central1/functions/onEnrollmentCreatedByManual","buildConfig":{"build":"projects/736000845187/locations/us-central1/builds/0ea418a5-a35f-4995-9b26-c6df5b5265a4","runtime":"nodejs22","entryPoint":"onEnrollmentCreatedByManual","source":{"storageSource":{"bucket":"gcf-v2-sources-736000845187-us-central1","object":"onEnrollmentCreatedByManual/function-source.zip","generation":"1771295721699789"}},"environmentVariables":{"GOOGLE_NODE_RUN_SCRIPTS":""},"dockerRepository":"projects/beatmotion-b1ec6/locations/us-central1/repositories/gcf-artifacts","sourceProvenance":{"resolvedStorageSource":{"bucket":"gcf-v2-sources-736000845187-us-central1","object":"onEnrollmentCreatedByManual/function-source.zip","generation":"1771295721699789"}},"dockerRegistry":"ARTIFACT_REGISTRY","serviceAccount":"projects/beatmotion-b1ec6/serviceAccounts/736000845187-compute@developer.gserviceaccount.com","automaticUpdatePolicy":{}},"serviceConfig":{"service":"projects/beatmotion-b1ec6/locations/us-central1/services/onenrollmentcreatedbymanual","timeoutSeconds":60,"environmentVariables":{"FIREBASE_CONFIG":"{\"projectId\":\"beatmotion-b1ec6\",\"databaseURL\":\"https://beatmotion-b1ec6-default-rtdb.firebaseio.com\",\"storageBucket\":\"beatmotion-b1ec6.firebasestorage.app\"}","GCLOUD_PROJECT":"beatmotion-b1ec6","EVENTARC_CLOUD_EVENT_SOURCE":"projects/beatmotion-b1ec6/locations/us-central1/services/onEnrollmentCreatedByManual","FUNCTION_SIGNATURE_TYPE":"cloudevent","FUNCTION_TARGET":"onEnrollmentCreatedByManual","LOG_EXECUTION_ID":"true"},"ingressSettings":"ALLOW_ALL","uri":"https://onenrollmentcreatedbymanual-thluv5b3ba-uc.a.run.app","serviceAccountEmail":"736000845187-compute@developer.gserviceaccount.com","availableMemory":"256Mi","allTrafficOnLatestRevision":true,"revision":"onenrollmentcreatedbymanual-00001-loy","maxInstanceRequestConcurrency":80,"availableCpu":"1"},"eventTrigger":{"trigger":"projects/beatmotion-b1ec6/locations/nam5/triggers/onenrollmentcreatedbymanual-422708","triggerRegion":"nam5","eventType":"google.cloud.firestore.document.v1.created","eventFilters":[{"attribute":"database","value":"(default)"},{"attribute":"namespace","value":"(default)"},{"attribute":"document","value":"enrollments/{enrollmentId}","operator":"match-path-pattern"}],"pubsubTopic":"projects/beatmotion-b1ec6/topics/eventarc-nam5-onenrollmentcreatedbymanual-422708-686","serviceAccountEmail":"736000845187-compute@developer.gserviceaccount.com","retryPolicy":"RETRY_POLICY_DO_NOT_RETRY"},"state":"ACTIVE","updateTime":"2026-02-17T02:36:56.727261232Z","labels":{"firebase-functions-hash":"a9e62ba8eacff4e8d8c13b2f329995564f20e7cd","deployment-tool":"cli-firebase"},"environment":"GEN_2","url":"https://us-central1-beatmotion-b1ec6.cloudfunctions.net/onEnrollmentCreatedByManual","createTime":"2026-02-17T02:35:22.002601434Z","satisfiesPzi":true},{"name":"projects/beatmotion-b1ec6/locations/us-central1/functions/sendExpoPushNotification","buildConfig":{"build":"projects/736000845187/locations/us-central1/builds/4a0db60a-e101-42da-a299-c30071bcead0","runtime":"nodejs22","entryPoint":"sendExpoPushNotification","source":{"storageSource":{"bucket":"gcf-v2-sources-736000845187-us-central1","object":"sendExpoPushNotification/function-source.zip","generation":"1764703487687024"}},"environmentVariables":{"GOOGLE_NODE_RUN_SCRIPTS":""},"dockerRepository":"projects/beatmotion-b1ec6/locations/us-central1/repositories/gcf-artifacts","sourceProvenance":{"resolvedStorageSource":{"bucket":"gcf-v2-sources-736000845187-us-central1","object":"sendExpoPushNotification/function-source.zip","generation":"1764703487687024"}},"dockerRegistry":"ARTIFACT_REGISTRY","serviceAccount":"projects/beatmotion-b1ec6/serviceAccounts/736000845187-compute@developer.gserviceaccount.com","automaticUpdatePolicy":{}},"serviceConfig":{"service":"projects/beatmotion-b1ec6/locations/us-central1/services/sendexpopushnotification","timeoutSeconds":60,"environmentVariables":{"FIREBASE_CONFIG":"{\"projectId\":\"beatmotion-b1ec6\",\"databaseURL\":\"https://beatmotion-b1ec6-default-rtdb.firebaseio.com\",\"storageBucket\":\"beatmotion-b1ec6.firebasestorage.app\"}","GCLOUD_PROJECT":"beatmotion-b1ec6","EVENTARC_CLOUD_EVENT_SOURCE":"projects/beatmotion-b1ec6/locations/us-central1/services/sendExpoPushNotification","FUNCTION_TARGET":"sendExpoPushNotification","LOG_EXECUTION_ID":"true","FUNCTION_SIGNATURE_TYPE":"http"},"maxInstanceCount":20,"ingressSettings":"ALLOW_ALL","uri":"https://sendexpopushnotification-thluv5b3ba-uc.a.run.app","serviceAccountEmail":"736000845187-compute@developer.gserviceaccount.com","availableMemory":"256Mi","allTrafficOnLatestRevision":true,"revision":"sendexpopushnotification-00023-gul","maxInstanceRequestConcurrency":80,"availableCpu":"1"},"state":"ACTIVE","updateTime":"2025-12-02T19:24:54.329953820Z","labels":{"deployment-tool":"cli-firebase","deployment-callable":"true","firebase-functions-hash":"5d19086b3903d845ce115a5d1e943ad9b2c5a994"},"environment":"GEN_2","url":"https://us-central1-beatmotion-b1ec6.cloudfunctions.net/sendExpoPushNotification","createTime":"2025-11-16T07:17:47.481504693Z","satisfiesPzi":true}]}
[debug] [2026-03-19T16:45:17.067Z] Checked if tokens are valid: true, expires at: 1773941605935
[debug] [2026-03-19T16:45:17.067Z] Checked if tokens are valid: true, expires at: 1773941605935
[debug] [2026-03-19T16:45:17.067Z] >>> [apiv2][query] GET https://firestore.googleapis.com/v1/projects/beatmotion-b1ec6/databases/(default) [none]
[debug] [2026-03-19T16:45:18.114Z] <<< [apiv2][status] GET https://firestore.googleapis.com/v1/projects/beatmotion-b1ec6/databases/(default) 200
[debug] [2026-03-19T16:45:18.115Z] <<< [apiv2][body] GET https://firestore.googleapis.com/v1/projects/beatmotion-b1ec6/databases/(default) {"name":"projects/beatmotion-b1ec6/databases/(default)","uid":"b82cd080-3a50-413f-85df-6d4bbc8b0b08","createTime":"2025-09-30T05:58:30.229801Z","updateTime":"2025-09-30T05:58:30.229801Z","locationId":"nam5","type":"FIRESTORE_NATIVE","concurrencyMode":"PESSIMISTIC","versionRetentionPeriod":"3600s","earliestVersionTime":"2026-03-19T15:45:17.763381Z","appEngineIntegrationMode":"DISABLED","keyPrefix":"s","pointInTimeRecoveryEnablement":"POINT_IN_TIME_RECOVERY_DISABLED","deleteProtectionState":"DELETE_PROTECTION_DISABLED","databaseEdition":"STANDARD","freeTier":true,"realtimeUpdatesMode":"REALTIME_UPDATES_MODE_ENABLED","etag":"IPfJgNm0rJMDMMCeztu15pID"}
[info] i  functions: ensuring required API cloudscheduler.googleapis.com is enabled... 
[info] i  functions: ensuring required API run.googleapis.com is enabled... 
[info] i  functions: ensuring required API eventarc.googleapis.com is enabled... 
[info] i  functions: ensuring required API pubsub.googleapis.com is enabled... 
[info] i  functions: ensuring required API storage.googleapis.com is enabled... 
[info] i  functions: generating the service identity for pubsub.googleapis.com... 
[debug] [2026-03-19T16:45:18.122Z] Checked if tokens are valid: true, expires at: 1773941605935
[debug] [2026-03-19T16:45:18.122Z] Checked if tokens are valid: true, expires at: 1773941605935
[info] i  functions: generating the service identity for eventarc.googleapis.com... 
[debug] [2026-03-19T16:45:18.123Z] Checked if tokens are valid: true, expires at: 1773941605935
[debug] [2026-03-19T16:45:18.123Z] Checked if tokens are valid: true, expires at: 1773941605935
[debug] [2026-03-19T16:45:18.123Z] >>> [apiv2][query] POST https://serviceusage.googleapis.com/v1beta1/projects/736000845187/services/pubsub.googleapis.com:generateServiceIdentity [none]
[debug] [2026-03-19T16:45:18.123Z] >>> [apiv2][(partial)header] POST https://serviceusage.googleapis.com/v1beta1/projects/736000845187/services/pubsub.googleapis.com:generateServiceIdentity  x-goog-user-project=736000845187
[debug] [2026-03-19T16:45:18.123Z] >>> [apiv2][body] POST https://serviceusage.googleapis.com/v1beta1/projects/736000845187/services/pubsub.googleapis.com:generateServiceIdentity {}
[debug] [2026-03-19T16:45:18.125Z] >>> [apiv2][query] POST https://serviceusage.googleapis.com/v1beta1/projects/736000845187/services/eventarc.googleapis.com:generateServiceIdentity [none]
[debug] [2026-03-19T16:45:18.126Z] >>> [apiv2][(partial)header] POST https://serviceusage.googleapis.com/v1beta1/projects/736000845187/services/eventarc.googleapis.com:generateServiceIdentity  x-goog-user-project=736000845187
[debug] [2026-03-19T16:45:18.126Z] >>> [apiv2][body] POST https://serviceusage.googleapis.com/v1beta1/projects/736000845187/services/eventarc.googleapis.com:generateServiceIdentity {}
[debug] [2026-03-19T16:45:19.022Z] <<< [apiv2][status] POST https://serviceusage.googleapis.com/v1beta1/projects/736000845187/services/eventarc.googleapis.com:generateServiceIdentity 200
[debug] [2026-03-19T16:45:19.022Z] <<< [apiv2][body] POST https://serviceusage.googleapis.com/v1beta1/projects/736000845187/services/eventarc.googleapis.com:generateServiceIdentity {"name":"operations/finished.DONE_OPERATION","done":true,"response":{"@type":"type.googleapis.com/google.api.serviceusage.v1beta1.ServiceIdentity","email":"service-736000845187@gcp-sa-eventarc.iam.gserviceaccount.com","uniqueId":"108476473352648853690"}}
[debug] [2026-03-19T16:45:19.049Z] <<< [apiv2][status] POST https://serviceusage.googleapis.com/v1beta1/projects/736000845187/services/pubsub.googleapis.com:generateServiceIdentity 200
[debug] [2026-03-19T16:45:19.049Z] <<< [apiv2][body] POST https://serviceusage.googleapis.com/v1beta1/projects/736000845187/services/pubsub.googleapis.com:generateServiceIdentity {"name":"operations/finished.DONE_OPERATION","done":true,"response":{"@type":"type.googleapis.com/google.api.serviceusage.v1beta1.ServiceIdentity","email":"service-736000845187@gcp-sa-pubsub.iam.gserviceaccount.com","uniqueId":"106549857179208171109"}}
[debug] [2026-03-19T16:45:19.054Z] Checked if tokens are valid: true, expires at: 1773941605935
[debug] [2026-03-19T16:45:19.054Z] Checked if tokens are valid: true, expires at: 1773941605935
[debug] [2026-03-19T16:45:19.054Z] >>> [apiv2][query] GET https://cloudresourcemanager.googleapis.com/v1/projects/beatmotion-b1ec6 [none]
[debug] [2026-03-19T16:45:19.615Z] <<< [apiv2][status] GET https://cloudresourcemanager.googleapis.com/v1/projects/beatmotion-b1ec6 200
[debug] [2026-03-19T16:45:19.615Z] <<< [apiv2][body] GET https://cloudresourcemanager.googleapis.com/v1/projects/beatmotion-b1ec6 {"projectNumber":"736000845187","projectId":"beatmotion-b1ec6","lifecycleState":"ACTIVE","name":"beatmotion","labels":{"firebase":"enabled","firebase-core":"disabled"},"createTime":"2025-09-11T18:13:59.203916Z"}
[debug] [2026-03-19T16:45:19.616Z] Checked if tokens are valid: true, expires at: 1773941605935
[debug] [2026-03-19T16:45:19.616Z] Checked if tokens are valid: true, expires at: 1773941605935
[debug] [2026-03-19T16:45:19.616Z] >>> [apiv2][query] GET https://compute.googleapis.com/compute/v1/projects/736000845187 [none]
[debug] [2026-03-19T16:45:20.201Z] <<< [apiv2][status] GET https://compute.googleapis.com/compute/v1/projects/736000845187 403
[debug] [2026-03-19T16:45:20.201Z] <<< [apiv2][body] GET https://compute.googleapis.com/compute/v1/projects/736000845187 {"error":{"code":403,"message":"Compute Engine API has not been used in project 736000845187 before or it is disabled. Enable it by visiting https://console.developers.google.com/apis/api/compute.googleapis.com/overview?project=736000845187 then retry. If you enabled this API recently, wait a few minutes for the action to propagate to our systems and retry.","errors":[{"message":"Compute Engine API has not been used in project 736000845187 before or it is disabled. Enable it by visiting https://console.developers.google.com/apis/api/compute.googleapis.com/overview?project=736000845187 then retry. If you enabled this API recently, wait a few minutes for the action to propagate to our systems and retry.","domain":"usageLimits","reason":"accessNotConfigured","extendedHelp":"https://console.developers.google.com"}],"status":"PERMISSION_DENIED","details":[{"@type":"type.googleapis.com/google.rpc.ErrorInfo","reason":"SERVICE_DISABLED","domain":"googleapis.com","metadata":{"consumer":"projects/736000845187","service":"compute.googleapis.com","containerInfo":"736000845187","serviceTitle":"Compute Engine API","activationUrl":"https://console.developers.google.com/apis/api/compute.googleapis.com/overview?project=736000845187"}},{"@type":"type.googleapis.com/google.rpc.LocalizedMessage","locale":"en-US","message":"Compute Engine API has not been used in project 736000845187 before or it is disabled. Enable it by visiting https://console.developers.google.com/apis/api/compute.googleapis.com/overview?project=736000845187 then retry. If you enabled this API recently, wait a few minutes for the action to propagate to our systems and retry."},{"@type":"type.googleapis.com/google.rpc.Help","links":[{"description":"Google developers console API activation","url":"https://console.developers.google.com/apis/api/compute.googleapis.com/overview?project=736000845187"}]}]}}
[debug] [2026-03-19T16:45:20.203Z] unable to look up default compute service account. Falling back to 736000845187-compute@developer.gserviceaccount.com. Error: {"name":"FirebaseError","children":[],"context":{"body":{"error":{"code":403,"message":"Compute Engine API has not been used in project 736000845187 before or it is disabled. Enable it by visiting https://console.developers.google.com/apis/api/compute.googleapis.com/overview?project=736000845187 then retry. If you enabled this API recently, wait a few minutes for the action to propagate to our systems and retry.","errors":[{"message":"Compute Engine API has not been used in project 736000845187 before or it is disabled. Enable it by visiting https://console.developers.google.com/apis/api/compute.googleapis.com/overview?project=736000845187 then retry. If you enabled this API recently, wait a few minutes for the action to propagate to our systems and retry.","domain":"usageLimits","reason":"accessNotConfigured","extendedHelp":"https://console.developers.google.com"}],"status":"PERMISSION_DENIED","details":[{"@type":"type.googleapis.com/google.rpc.ErrorInfo","reason":"SERVICE_DISABLED","domain":"googleapis.com","metadata":{"consumer":"projects/736000845187","service":"compute.googleapis.com","containerInfo":"736000845187","serviceTitle":"Compute Engine API","activationUrl":"https://console.developers.google.com/apis/api/compute.googleapis.com/overview?project=736000845187"}},{"@type":"type.googleapis.com/google.rpc.LocalizedMessage","locale":"en-US","message":"Compute Engine API has not been used in project 736000845187 before or it is disabled. Enable it by visiting https://console.developers.google.com/apis/api/compute.googleapis.com/overview?project=736000845187 then retry. If you enabled this API recently, wait a few minutes for the action to propagate to our systems and retry."},{"@type":"type.googleapis.com/google.rpc.Help","links":[{"description":"Google developers console API activation","url":"https://console.developers.google.com/apis/api/compute.googleapis.com/overview?project=736000845187"}]}]}},"response":{"statusCode":403}},"exit":1,"message":"Request to https://compute.googleapis.com/compute/v1/projects/736000845187 had HTTP Error: 403, Compute Engine API has not been used in project 736000845187 before or it is disabled. Enable it by visiting https://console.developers.google.com/apis/api/compute.googleapis.com/overview?project=736000845187 then retry. If you enabled this API recently, wait a few minutes for the action to propagate to our systems and retry.","status":403}
[debug] [2026-03-19T16:45:20.205Z] Checked if tokens are valid: true, expires at: 1773941605935
[debug] [2026-03-19T16:45:20.205Z] Checked if tokens are valid: true, expires at: 1773941605935
[debug] [2026-03-19T16:45:20.205Z] >>> [apiv2][query] GET https://cloudbilling.googleapis.com/v1/projects/beatmotion-b1ec6/billingInfo [none]
[debug] [2026-03-19T16:45:21.118Z] <<< [apiv2][status] GET https://cloudbilling.googleapis.com/v1/projects/beatmotion-b1ec6/billingInfo 200
[debug] [2026-03-19T16:45:21.118Z] <<< [apiv2][body] GET https://cloudbilling.googleapis.com/v1/projects/beatmotion-b1ec6/billingInfo {"name":"projects/beatmotion-b1ec6/billingInfo","projectId":"beatmotion-b1ec6","billingAccountName":"billingAccounts/01B4D3-6CF88D-FDE013","billingEnabled":true}
[debug] [2026-03-19T16:45:21.121Z] Checked if tokens are valid: true, expires at: 1773941605935
[debug] [2026-03-19T16:45:21.121Z] Checked if tokens are valid: true, expires at: 1773941605935
[debug] [2026-03-19T16:45:21.121Z] >>> [apiv2][query] POST https://cloudfunctions.googleapis.com/v2/projects/beatmotion-b1ec6/locations/us-central1/functions:generateUploadUrl [none]
[debug] [2026-03-19T16:45:21.839Z] <<< [apiv2][status] POST https://cloudfunctions.googleapis.com/v2/projects/beatmotion-b1ec6/locations/us-central1/functions:generateUploadUrl 200
[debug] [2026-03-19T16:45:21.839Z] <<< [apiv2][body] POST https://cloudfunctions.googleapis.com/v2/projects/beatmotion-b1ec6/locations/us-central1/functions:generateUploadUrl {"uploadUrl":"https://storage.googleapis.com/gcf-v2-uploads-736000845187.us-central1.cloudfunctions.appspot.com/faec939c-8140-4a70-b168-0634613c71da.zip?GoogleAccessId=service-736000845187@gcf-admin-robot.iam.gserviceaccount.com&Expires=1773940521&Signature=DAcTnSdAccN%2B8h6oNEwiEzYtkbPPCiP%2Ba6diYlwjIM9k3Y8DWNXJMDfH8GxhKactuXRoYYZVMHXPZ0imCgyqIonjQdFWxIRUGbb9QlqNvXDhxdemzPtfyaz0vogsRDDd%2FDG5B8bK0f%2BWfHRF4pRaBmzHcAiPZqGxMbYSwFRI8pc21HNr8EaZ2y8SVO%2BdlHMJDPmMogu0P6PrcMV6SziMaRO8Phd%2FXRa9HBB1JbW%2B8dvb5bb%2FPyaYRrjpjQ%2BfgAlX4eB0erv755okmSnTDWhTkMt5hW1NV2llOIJy%2BBuimdZA3AXVlGvvLLZiwIPfskMNpMjna47ymoYqKyVxwCcqAw%3D%3D","storageSource":{"bucket":"gcf-v2-uploads-736000845187.us-central1.cloudfunctions.appspot.com","object":"faec939c-8140-4a70-b168-0634613c71da.zip"}}
[debug] [2026-03-19T16:45:21.840Z] >>> [apiv2][query] PUT https://storage.googleapis.com/gcf-v2-uploads-736000845187.us-central1.cloudfunctions.appspot.com/faec939c-8140-4a70-b168-0634613c71da.zip GoogleAccessId=service-736000845187%40gcf-admin-robot.iam.gserviceaccount.com&Expires=1773940521&Signature=DAcTnSdAccN%2B8h6oNEwiEzYtkbPPCiP%2Ba6diYlwjIM9k3Y8DWNXJMDfH8GxhKactuXRoYYZVMHXPZ0imCgyqIonjQdFWxIRUGbb9QlqNvXDhxdemzPtfyaz0vogsRDDd%2FDG5B8bK0f%2BWfHRF4pRaBmzHcAiPZqGxMbYSwFRI8pc21HNr8EaZ2y8SVO%2BdlHMJDPmMogu0P6PrcMV6SziMaRO8Phd%2FXRa9HBB1JbW%2B8dvb5bb%2FPyaYRrjpjQ%2BfgAlX4eB0erv755okmSnTDWhTkMt5hW1NV2llOIJy%2BBuimdZA3AXVlGvvLLZiwIPfskMNpMjna47ymoYqKyVxwCcqAw%3D%3D
[debug] [2026-03-19T16:45:21.840Z] >>> [apiv2][body] PUT https://storage.googleapis.com/gcf-v2-uploads-736000845187.us-central1.cloudfunctions.appspot.com/faec939c-8140-4a70-b168-0634613c71da.zip [stream]
[debug] [2026-03-19T16:45:22.772Z] <<< [apiv2][status] PUT https://storage.googleapis.com/gcf-v2-uploads-736000845187.us-central1.cloudfunctions.appspot.com/faec939c-8140-4a70-b168-0634613c71da.zip 200
[debug] [2026-03-19T16:45:22.773Z] <<< [apiv2][body] PUT https://storage.googleapis.com/gcf-v2-uploads-736000845187.us-central1.cloudfunctions.appspot.com/faec939c-8140-4a70-b168-0634613c71da.zip [omitted]
[info] +  functions: functions source uploaded successfully 
[info] i  functions: creating Node.js 22 (2nd Gen) function deleteUser(us-central1)... 
[debug] [2026-03-19T16:45:22.781Z] Checked if tokens are valid: true, expires at: 1773941605935
[debug] [2026-03-19T16:45:22.781Z] Checked if tokens are valid: true, expires at: 1773941605935
[debug] [2026-03-19T16:45:22.781Z] >>> [apiv2][query] POST https://cloudfunctions.googleapis.com/v2/projects/beatmotion-b1ec6/locations/us-central1/functions functionId=deleteUser
[debug] [2026-03-19T16:45:22.781Z] >>> [apiv2][body] POST https://cloudfunctions.googleapis.com/v2/projects/beatmotion-b1ec6/locations/us-central1/functions {"name":"projects/beatmotion-b1ec6/locations/us-central1/functions/deleteUser","buildConfig":{"runtime":"nodejs22","entryPoint":"deleteUser","source":{"storageSource":{"bucket":"gcf-v2-uploads-736000845187.us-central1.cloudfunctions.appspot.com","object":"faec939c-8140-4a70-b168-0634613c71da.zip"}},"environmentVariables":{"GOOGLE_NODE_RUN_SCRIPTS":""}},"serviceConfig":{"environmentVariables":{"FIREBASE_CONFIG":"{\"projectId\":\"beatmotion-b1ec6\",\"databaseURL\":\"https://beatmotion-b1ec6-default-rtdb.firebaseio.com\",\"storageBucket\":\"beatmotion-b1ec6.firebasestorage.app\"}","GCLOUD_PROJECT":"beatmotion-b1ec6","EVENTARC_CLOUD_EVENT_SOURCE":"projects/beatmotion-b1ec6/locations/us-central1/services/deleteUser","FUNCTION_TARGET":"deleteUser","LOG_EXECUTION_ID":"true"},"ingressSettings":null,"timeoutSeconds":null,"serviceAccountEmail":null,"availableMemory":"256Mi","minInstanceCount":null,"maxInstanceCount":null,"maxInstanceRequestConcurrency":80,"availableCpu":"1","vpcConnector":null,"vpcConnectorEgressSettings":null},"labels":{"deployment-tool":"cli-firebase","deployment-callable":"true","firebase-functions-hash":"d52e31fe79c06c097d9af89ed23b494131fec673"}}
[debug] [2026-03-19T16:45:23.734Z] <<< [apiv2][status] POST https://cloudfunctions.googleapis.com/v2/projects/beatmotion-b1ec6/locations/us-central1/functions 200
[debug] [2026-03-19T16:45:23.735Z] <<< [apiv2][body] POST https://cloudfunctions.googleapis.com/v2/projects/beatmotion-b1ec6/locations/us-central1/functions {"name":"projects/beatmotion-b1ec6/locations/us-central1/operations/operation-1773938722999-64d634b700b62-26d6c1a6-49a7bf94","metadata":{"@type":"type.googleapis.com/google.cloud.functions.v2.OperationMetadata","createTime":"2026-03-19T16:45:23.561855050Z","target":"projects/beatmotion-b1ec6/locations/us-central1/functions/deleteUser","verb":"create","cancelRequested":false,"apiVersion":"v2"},"done":false}
[debug] [2026-03-19T16:45:23.736Z] Checked if tokens are valid: true, expires at: 1773941605935
[debug] [2026-03-19T16:45:23.736Z] Checked if tokens are valid: true, expires at: 1773941605935
[debug] [2026-03-19T16:45:23.736Z] >>> [apiv2][query] GET https://cloudfunctions.googleapis.com/v2/projects/beatmotion-b1ec6/locations/us-central1/operations/operation-1773938722999-64d634b700b62-26d6c1a6-49a7bf94 [none]
[debug] [2026-03-19T16:45:24.022Z] <<< [apiv2][status] GET https://cloudfunctions.googleapis.com/v2/projects/beatmotion-b1ec6/locations/us-central1/operations/operation-1773938722999-64d634b700b62-26d6c1a6-49a7bf94 200
[debug] [2026-03-19T16:45:24.022Z] <<< [apiv2][body] GET https://cloudfunctions.googleapis.com/v2/projects/beatmotion-b1ec6/locations/us-central1/operations/operation-1773938722999-64d634b700b62-26d6c1a6-49a7bf94 {"name":"projects/beatmotion-b1ec6/locations/us-central1/operations/operation-1773938722999-64d634b700b62-26d6c1a6-49a7bf94","metadata":{"@type":"type.googleapis.com/google.cloud.functions.v2.OperationMetadata","createTime":"2026-03-19T16:45:23.561855050Z","target":"projects/beatmotion-b1ec6/locations/us-central1/functions/deleteUser","verb":"create","cancelRequested":false,"apiVersion":"v2","requestResource":{"@type":"type.googleapis.com/google.cloud.functions.v2.Function","name":"projects/beatmotion-b1ec6/locations/us-central1/functions/deleteUser","buildConfig":{"runtime":"nodejs22","entryPoint":"deleteUser","source":{"storageSource":{"bucket":"gcf-v2-sources-736000845187-us-central1","object":"deleteUser/function-source.zip","generation":"1773938723261572"}},"environmentVariables":{"GOOGLE_NODE_RUN_SCRIPTS":""},"serviceAccount":"projects/beatmotion-b1ec6/serviceAccounts/736000845187-compute@developer.gserviceaccount.com","automaticUpdatePolicy":{}},"serviceConfig":{"service":"projects/beatmotion-b1ec6/locations/us-central1/services/deleteuser","timeoutSeconds":60,"environmentVariables":{"FIREBASE_CONFIG":"{\"projectId\":\"beatmotion-b1ec6\",\"databaseURL\":\"https://beatmotion-b1ec6-default-rtdb.firebaseio.com\",\"storageBucket\":\"beatmotion-b1ec6.firebasestorage.app\"}","GCLOUD_PROJECT":"beatmotion-b1ec6","EVENTARC_CLOUD_EVENT_SOURCE":"projects/beatmotion-b1ec6/locations/us-central1/services/deleteUser","FUNCTION_TARGET":"deleteUser","LOG_EXECUTION_ID":"true"},"ingressSettings":"ALLOW_ALL","serviceAccountEmail":"736000845187-compute@developer.gserviceaccount.com","availableMemory":"256Mi","maxInstanceRequestConcurrency":80,"availableCpu":"1"},"labels":{"deployment-tool":"cli-firebase","deployment-callable":"true","firebase-functions-hash":"d52e31fe79c06c097d9af89ed23b494131fec673"},"environment":"GEN_2"},"stages":[{"name":"BUILD","state":"NOT_STARTED"},{"name":"SERVICE","state":"NOT_STARTED"}],"operationType":"CREATE_FUNCTION"},"done":false}
[debug] [2026-03-19T16:45:24.531Z] [create-default-us-central1-deleteUser] Retrying task index 0
[debug] [2026-03-19T16:45:24.531Z] Checked if tokens are valid: true, expires at: 1773941605935
[debug] [2026-03-19T16:45:24.531Z] Checked if tokens are valid: true, expires at: 1773941605935
[debug] [2026-03-19T16:45:24.532Z] >>> [apiv2][query] GET https://cloudfunctions.googleapis.com/v2/projects/beatmotion-b1ec6/locations/us-central1/operations/operation-1773938722999-64d634b700b62-26d6c1a6-49a7bf94 [none]
[debug] [2026-03-19T16:45:24.858Z] <<< [apiv2][status] GET https://cloudfunctions.googleapis.com/v2/projects/beatmotion-b1ec6/locations/us-central1/operations/operation-1773938722999-64d634b700b62-26d6c1a6-49a7bf94 200
[debug] [2026-03-19T16:45:24.858Z] <<< [apiv2][body] GET https://cloudfunctions.googleapis.com/v2/projects/beatmotion-b1ec6/locations/us-central1/operations/operation-1773938722999-64d634b700b62-26d6c1a6-49a7bf94 {"name":"projects/beatmotion-b1ec6/locations/us-central1/operations/operation-1773938722999-64d634b700b62-26d6c1a6-49a7bf94","metadata":{"@type":"type.googleapis.com/google.cloud.functions.v2.OperationMetadata","createTime":"2026-03-19T16:45:23.561855050Z","target":"projects/beatmotion-b1ec6/locations/us-central1/functions/deleteUser","verb":"create","cancelRequested":false,"apiVersion":"v2","requestResource":{"@type":"type.googleapis.com/google.cloud.functions.v2.Function","name":"projects/beatmotion-b1ec6/locations/us-central1/functions/deleteUser","buildConfig":{"runtime":"nodejs22","entryPoint":"deleteUser","source":{"storageSource":{"bucket":"gcf-v2-sources-736000845187-us-central1","object":"deleteUser/function-source.zip","generation":"1773938723261572"}},"environmentVariables":{"GOOGLE_NODE_RUN_SCRIPTS":""},"serviceAccount":"projects/beatmotion-b1ec6/serviceAccounts/736000845187-compute@developer.gserviceaccount.com","automaticUpdatePolicy":{}},"serviceConfig":{"service":"projects/beatmotion-b1ec6/locations/us-central1/services/deleteuser","timeoutSeconds":60,"environmentVariables":{"FIREBASE_CONFIG":"{\"projectId\":\"beatmotion-b1ec6\",\"databaseURL\":\"https://beatmotion-b1ec6-default-rtdb.firebaseio.com\",\"storageBucket\":\"beatmotion-b1ec6.firebasestorage.app\"}","GCLOUD_PROJECT":"beatmotion-b1ec6","EVENTARC_CLOUD_EVENT_SOURCE":"projects/beatmotion-b1ec6/locations/us-central1/services/deleteUser","FUNCTION_TARGET":"deleteUser","LOG_EXECUTION_ID":"true"},"ingressSettings":"ALLOW_ALL","serviceAccountEmail":"736000845187-compute@developer.gserviceaccount.com","availableMemory":"256Mi","maxInstanceRequestConcurrency":80,"availableCpu":"1"},"labels":{"deployment-tool":"cli-firebase","deployment-callable":"true","firebase-functions-hash":"d52e31fe79c06c097d9af89ed23b494131fec673"},"environment":"GEN_2"},"stages":[{"name":"BUILD","message":"Build in progress","state":"IN_PROGRESS","resource":"projects/736000845187/locations/us-central1/builds/36a5c739-b673-4398-9c83-9270b7e7cb3e","resourceUri":"https://console.cloud.google.com/cloud-build/builds;region=us-central1/36a5c739-b673-4398-9c83-9270b7e7cb3e?project=736000845187"},{"name":"SERVICE","state":"NOT_STARTED"}],"operationType":"CREATE_FUNCTION","buildName":"projects/736000845187/locations/us-central1/builds/36a5c739-b673-4398-9c83-9270b7e7cb3e"},"done":false}
[debug] [2026-03-19T16:45:25.872Z] [create-default-us-central1-deleteUser] Retrying task index 0
[debug] [2026-03-19T16:45:25.873Z] Checked if tokens are valid: true, expires at: 1773941605935
[debug] [2026-03-19T16:45:25.873Z] Checked if tokens are valid: true, expires at: 1773941605935
[debug] [2026-03-19T16:45:25.873Z] >>> [apiv2][query] GET https://cloudfunctions.googleapis.com/v2/projects/beatmotion-b1ec6/locations/us-central1/operations/operation-1773938722999-64d634b700b62-26d6c1a6-49a7bf94 [none]
[debug] [2026-03-19T16:45:26.212Z] <<< [apiv2][status] GET https://cloudfunctions.googleapis.com/v2/projects/beatmotion-b1ec6/locations/us-central1/operations/operation-1773938722999-64d634b700b62-26d6c1a6-49a7bf94 200
[debug] [2026-03-19T16:45:26.213Z] <<< [apiv2][body] GET https://cloudfunctions.googleapis.com/v2/projects/beatmotion-b1ec6/locations/us-central1/operations/operation-1773938722999-64d634b700b62-26d6c1a6-49a7bf94 {"name":"projects/beatmotion-b1ec6/locations/us-central1/operations/operation-1773938722999-64d634b700b62-26d6c1a6-49a7bf94","metadata":{"@type":"type.googleapis.com/google.cloud.functions.v2.OperationMetadata","createTime":"2026-03-19T16:45:23.561855050Z","target":"projects/beatmotion-b1ec6/locations/us-central1/functions/deleteUser","verb":"create","cancelRequested":false,"apiVersion":"v2","requestResource":{"@type":"type.googleapis.com/google.cloud.functions.v2.Function","name":"projects/beatmotion-b1ec6/locations/us-central1/functions/deleteUser","buildConfig":{"runtime":"nodejs22","entryPoint":"deleteUser","source":{"storageSource":{"bucket":"gcf-v2-sources-736000845187-us-central1","object":"deleteUser/function-source.zip","generation":"1773938723261572"}},"environmentVariables":{"GOOGLE_NODE_RUN_SCRIPTS":""},"serviceAccount":"projects/beatmotion-b1ec6/serviceAccounts/736000845187-compute@developer.gserviceaccount.com","automaticUpdatePolicy":{}},"serviceConfig":{"service":"projects/beatmotion-b1ec6/locations/us-central1/services/deleteuser","timeoutSeconds":60,"environmentVariables":{"FIREBASE_CONFIG":"{\"projectId\":\"beatmotion-b1ec6\",\"databaseURL\":\"https://beatmotion-b1ec6-default-rtdb.firebaseio.com\",\"storageBucket\":\"beatmotion-b1ec6.firebasestorage.app\"}","GCLOUD_PROJECT":"beatmotion-b1ec6","EVENTARC_CLOUD_EVENT_SOURCE":"projects/beatmotion-b1ec6/locations/us-central1/services/deleteUser","FUNCTION_TARGET":"deleteUser","LOG_EXECUTION_ID":"true"},"ingressSettings":"ALLOW_ALL","serviceAccountEmail":"736000845187-compute@developer.gserviceaccount.com","availableMemory":"256Mi","maxInstanceRequestConcurrency":80,"availableCpu":"1"},"labels":{"deployment-tool":"cli-firebase","deployment-callable":"true","firebase-functions-hash":"d52e31fe79c06c097d9af89ed23b494131fec673"},"environment":"GEN_2"},"stages":[{"name":"BUILD","message":"Build in progress","state":"IN_PROGRESS","resource":"projects/736000845187/locations/us-central1/builds/36a5c739-b673-4398-9c83-9270b7e7cb3e","resourceUri":"https://console.cloud.google.com/cloud-build/builds;region=us-central1/36a5c739-b673-4398-9c83-9270b7e7cb3e?project=736000845187"},{"name":"SERVICE","state":"NOT_STARTED"}],"operationType":"CREATE_FUNCTION","buildName":"projects/736000845187/locations/us-central1/builds/36a5c739-b673-4398-9c83-9270b7e7cb3e"},"done":false}
[debug] [2026-03-19T16:45:28.219Z] [create-default-us-central1-deleteUser] Retrying task index 0
[debug] [2026-03-19T16:45:28.220Z] Checked if tokens are valid: true, expires at: 1773941605935
[debug] [2026-03-19T16:45:28.220Z] Checked if tokens are valid: true, expires at: 1773941605935
[debug] [2026-03-19T16:45:28.220Z] >>> [apiv2][query] GET https://cloudfunctions.googleapis.com/v2/projects/beatmotion-b1ec6/locations/us-central1/operations/operation-1773938722999-64d634b700b62-26d6c1a6-49a7bf94 [none]
[debug] [2026-03-19T16:45:28.508Z] <<< [apiv2][status] GET https://cloudfunctions.googleapis.com/v2/projects/beatmotion-b1ec6/locations/us-central1/operations/operation-1773938722999-64d634b700b62-26d6c1a6-49a7bf94 200
[debug] [2026-03-19T16:45:28.508Z] <<< [apiv2][body] GET https://cloudfunctions.googleapis.com/v2/projects/beatmotion-b1ec6/locations/us-central1/operations/operation-1773938722999-64d634b700b62-26d6c1a6-49a7bf94 {"name":"projects/beatmotion-b1ec6/locations/us-central1/operations/operation-1773938722999-64d634b700b62-26d6c1a6-49a7bf94","metadata":{"@type":"type.googleapis.com/google.cloud.functions.v2.OperationMetadata","createTime":"2026-03-19T16:45:23.561855050Z","target":"projects/beatmotion-b1ec6/locations/us-central1/functions/deleteUser","verb":"create","cancelRequested":false,"apiVersion":"v2","requestResource":{"@type":"type.googleapis.com/google.cloud.functions.v2.Function","name":"projects/beatmotion-b1ec6/locations/us-central1/functions/deleteUser","buildConfig":{"runtime":"nodejs22","entryPoint":"deleteUser","source":{"storageSource":{"bucket":"gcf-v2-sources-736000845187-us-central1","object":"deleteUser/function-source.zip","generation":"1773938723261572"}},"environmentVariables":{"GOOGLE_NODE_RUN_SCRIPTS":""},"serviceAccount":"projects/beatmotion-b1ec6/serviceAccounts/736000845187-compute@developer.gserviceaccount.com","automaticUpdatePolicy":{}},"serviceConfig":{"service":"projects/beatmotion-b1ec6/locations/us-central1/services/deleteuser","timeoutSeconds":60,"environmentVariables":{"FIREBASE_CONFIG":"{\"projectId\":\"beatmotion-b1ec6\",\"databaseURL\":\"https://beatmotion-b1ec6-default-rtdb.firebaseio.com\",\"storageBucket\":\"beatmotion-b1ec6.firebasestorage.app\"}","GCLOUD_PROJECT":"beatmotion-b1ec6","EVENTARC_CLOUD_EVENT_SOURCE":"projects/beatmotion-b1ec6/locations/us-central1/services/deleteUser","FUNCTION_TARGET":"deleteUser","LOG_EXECUTION_ID":"true"},"ingressSettings":"ALLOW_ALL","serviceAccountEmail":"736000845187-compute@developer.gserviceaccount.com","availableMemory":"256Mi","maxInstanceRequestConcurrency":80,"availableCpu":"1"},"labels":{"deployment-tool":"cli-firebase","deployment-callable":"true","firebase-functions-hash":"d52e31fe79c06c097d9af89ed23b494131fec673"},"environment":"GEN_2"},"stages":[{"name":"BUILD","message":"Build in progress","state":"IN_PROGRESS","resource":"projects/736000845187/locations/us-central1/builds/36a5c739-b673-4398-9c83-9270b7e7cb3e","resourceUri":"https://console.cloud.google.com/cloud-build/builds;region=us-central1/36a5c739-b673-4398-9c83-9270b7e7cb3e?project=736000845187"},{"name":"SERVICE","state":"NOT_STARTED"}],"operationType":"CREATE_FUNCTION","buildName":"projects/736000845187/locations/us-central1/builds/36a5c739-b673-4398-9c83-9270b7e7cb3e"},"done":false}
[debug] [2026-03-19T16:45:32.512Z] [create-default-us-central1-deleteUser] Retrying task index 0
[debug] [2026-03-19T16:45:32.512Z] Checked if tokens are valid: true, expires at: 1773941605935
[debug] [2026-03-19T16:45:32.513Z] Checked if tokens are valid: true, expires at: 1773941605935
[debug] [2026-03-19T16:45:32.513Z] >>> [apiv2][query] GET https://cloudfunctions.googleapis.com/v2/projects/beatmotion-b1ec6/locations/us-central1/operations/operation-1773938722999-64d634b700b62-26d6c1a6-49a7bf94 [none]
[debug] [2026-03-19T16:45:33.004Z] <<< [apiv2][status] GET https://cloudfunctions.googleapis.com/v2/projects/beatmotion-b1ec6/locations/us-central1/operations/operation-1773938722999-64d634b700b62-26d6c1a6-49a7bf94 200
[debug] [2026-03-19T16:45:33.005Z] <<< [apiv2][body] GET https://cloudfunctions.googleapis.com/v2/projects/beatmotion-b1ec6/locations/us-central1/operations/operation-1773938722999-64d634b700b62-26d6c1a6-49a7bf94 {"name":"projects/beatmotion-b1ec6/locations/us-central1/operations/operation-1773938722999-64d634b700b62-26d6c1a6-49a7bf94","metadata":{"@type":"type.googleapis.com/google.cloud.functions.v2.OperationMetadata","createTime":"2026-03-19T16:45:23.561855050Z","target":"projects/beatmotion-b1ec6/locations/us-central1/functions/deleteUser","verb":"create","cancelRequested":false,"apiVersion":"v2","requestResource":{"@type":"type.googleapis.com/google.cloud.functions.v2.Function","name":"projects/beatmotion-b1ec6/locations/us-central1/functions/deleteUser","buildConfig":{"runtime":"nodejs22","entryPoint":"deleteUser","source":{"storageSource":{"bucket":"gcf-v2-sources-736000845187-us-central1","object":"deleteUser/function-source.zip","generation":"1773938723261572"}},"environmentVariables":{"GOOGLE_NODE_RUN_SCRIPTS":""},"serviceAccount":"projects/beatmotion-b1ec6/serviceAccounts/736000845187-compute@developer.gserviceaccount.com","automaticUpdatePolicy":{}},"serviceConfig":{"service":"projects/beatmotion-b1ec6/locations/us-central1/services/deleteuser","timeoutSeconds":60,"environmentVariables":{"FIREBASE_CONFIG":"{\"projectId\":\"beatmotion-b1ec6\",\"databaseURL\":\"https://beatmotion-b1ec6-default-rtdb.firebaseio.com\",\"storageBucket\":\"beatmotion-b1ec6.firebasestorage.app\"}","GCLOUD_PROJECT":"beatmotion-b1ec6","EVENTARC_CLOUD_EVENT_SOURCE":"projects/beatmotion-b1ec6/locations/us-central1/services/deleteUser","FUNCTION_TARGET":"deleteUser","LOG_EXECUTION_ID":"true"},"ingressSettings":"ALLOW_ALL","serviceAccountEmail":"736000845187-compute@developer.gserviceaccount.com","availableMemory":"256Mi","maxInstanceRequestConcurrency":80,"availableCpu":"1"},"labels":{"deployment-tool":"cli-firebase","deployment-callable":"true","firebase-functions-hash":"d52e31fe79c06c097d9af89ed23b494131fec673"},"environment":"GEN_2"},"stages":[{"name":"BUILD","message":"Build in progress","state":"IN_PROGRESS","resource":"projects/736000845187/locations/us-central1/builds/36a5c739-b673-4398-9c83-9270b7e7cb3e","resourceUri":"https://console.cloud.google.com/cloud-build/builds;region=us-central1/36a5c739-b673-4398-9c83-9270b7e7cb3e?project=736000845187"},{"name":"SERVICE","state":"NOT_STARTED"}],"operationType":"CREATE_FUNCTION","buildName":"projects/736000845187/locations/us-central1/builds/36a5c739-b673-4398-9c83-9270b7e7cb3e"},"done":false}
[debug] [2026-03-19T16:45:41.006Z] [create-default-us-central1-deleteUser] Retrying task index 0
[debug] [2026-03-19T16:45:41.006Z] Checked if tokens are valid: true, expires at: 1773941605935
[debug] [2026-03-19T16:45:41.007Z] Checked if tokens are valid: true, expires at: 1773941605935
[debug] [2026-03-19T16:45:41.007Z] >>> [apiv2][query] GET https://cloudfunctions.googleapis.com/v2/projects/beatmotion-b1ec6/locations/us-central1/operations/operation-1773938722999-64d634b700b62-26d6c1a6-49a7bf94 [none]
[debug] [2026-03-19T16:45:41.714Z] <<< [apiv2][status] GET https://cloudfunctions.googleapis.com/v2/projects/beatmotion-b1ec6/locations/us-central1/operations/operation-1773938722999-64d634b700b62-26d6c1a6-49a7bf94 200
[debug] [2026-03-19T16:45:41.715Z] <<< [apiv2][body] GET https://cloudfunctions.googleapis.com/v2/projects/beatmotion-b1ec6/locations/us-central1/operations/operation-1773938722999-64d634b700b62-26d6c1a6-49a7bf94 {"name":"projects/beatmotion-b1ec6/locations/us-central1/operations/operation-1773938722999-64d634b700b62-26d6c1a6-49a7bf94","metadata":{"@type":"type.googleapis.com/google.cloud.functions.v2.OperationMetadata","createTime":"2026-03-19T16:45:23.561855050Z","target":"projects/beatmotion-b1ec6/locations/us-central1/functions/deleteUser","verb":"create","cancelRequested":false,"apiVersion":"v2","requestResource":{"@type":"type.googleapis.com/google.cloud.functions.v2.Function","name":"projects/beatmotion-b1ec6/locations/us-central1/functions/deleteUser","buildConfig":{"runtime":"nodejs22","entryPoint":"deleteUser","source":{"storageSource":{"bucket":"gcf-v2-sources-736000845187-us-central1","object":"deleteUser/function-source.zip","generation":"1773938723261572"}},"environmentVariables":{"GOOGLE_NODE_RUN_SCRIPTS":""},"serviceAccount":"projects/beatmotion-b1ec6/serviceAccounts/736000845187-compute@developer.gserviceaccount.com","automaticUpdatePolicy":{}},"serviceConfig":{"service":"projects/beatmotion-b1ec6/locations/us-central1/services/deleteuser","timeoutSeconds":60,"environmentVariables":{"FIREBASE_CONFIG":"{\"projectId\":\"beatmotion-b1ec6\",\"databaseURL\":\"https://beatmotion-b1ec6-default-rtdb.firebaseio.com\",\"storageBucket\":\"beatmotion-b1ec6.firebasestorage.app\"}","GCLOUD_PROJECT":"beatmotion-b1ec6","EVENTARC_CLOUD_EVENT_SOURCE":"projects/beatmotion-b1ec6/locations/us-central1/services/deleteUser","FUNCTION_TARGET":"deleteUser","LOG_EXECUTION_ID":"true"},"ingressSettings":"ALLOW_ALL","serviceAccountEmail":"736000845187-compute@developer.gserviceaccount.com","availableMemory":"256Mi","maxInstanceRequestConcurrency":80,"availableCpu":"1"},"labels":{"deployment-tool":"cli-firebase","deployment-callable":"true","firebase-functions-hash":"d52e31fe79c06c097d9af89ed23b494131fec673"},"environment":"GEN_2"},"stages":[{"name":"BUILD","message":"Build in progress","state":"IN_PROGRESS","resource":"projects/736000845187/locations/us-central1/builds/36a5c739-b673-4398-9c83-9270b7e7cb3e","resourceUri":"https://console.cloud.google.com/cloud-build/builds;region=us-central1/36a5c739-b673-4398-9c83-9270b7e7cb3e?project=736000845187"},{"name":"SERVICE","state":"NOT_STARTED"}],"operationType":"CREATE_FUNCTION","buildName":"projects/736000845187/locations/us-central1/builds/36a5c739-b673-4398-9c83-9270b7e7cb3e"},"done":false}
[debug] [2026-03-19T16:45:51.730Z] [create-default-us-central1-deleteUser] Retrying task index 0
[debug] [2026-03-19T16:45:51.730Z] Checked if tokens are valid: true, expires at: 1773941605935
[debug] [2026-03-19T16:45:51.731Z] Checked if tokens are valid: true, expires at: 1773941605935
[debug] [2026-03-19T16:45:51.731Z] >>> [apiv2][query] GET https://cloudfunctions.googleapis.com/v2/projects/beatmotion-b1ec6/locations/us-central1/operations/operation-1773938722999-64d634b700b62-26d6c1a6-49a7bf94 [none]
[debug] [2026-03-19T16:45:52.494Z] <<< [apiv2][status] GET https://cloudfunctions.googleapis.com/v2/projects/beatmotion-b1ec6/locations/us-central1/operations/operation-1773938722999-64d634b700b62-26d6c1a6-49a7bf94 200
[debug] [2026-03-19T16:45:52.494Z] <<< [apiv2][body] GET https://cloudfunctions.googleapis.com/v2/projects/beatmotion-b1ec6/locations/us-central1/operations/operation-1773938722999-64d634b700b62-26d6c1a6-49a7bf94 {"name":"projects/beatmotion-b1ec6/locations/us-central1/operations/operation-1773938722999-64d634b700b62-26d6c1a6-49a7bf94","metadata":{"@type":"type.googleapis.com/google.cloud.functions.v2.OperationMetadata","createTime":"2026-03-19T16:45:23.561855050Z","target":"projects/beatmotion-b1ec6/locations/us-central1/functions/deleteUser","verb":"create","cancelRequested":false,"apiVersion":"v2","requestResource":{"@type":"type.googleapis.com/google.cloud.functions.v2.Function","name":"projects/beatmotion-b1ec6/locations/us-central1/functions/deleteUser","buildConfig":{"runtime":"nodejs22","entryPoint":"deleteUser","source":{"storageSource":{"bucket":"gcf-v2-sources-736000845187-us-central1","object":"deleteUser/function-source.zip","generation":"1773938723261572"}},"environmentVariables":{"GOOGLE_NODE_RUN_SCRIPTS":""},"serviceAccount":"projects/beatmotion-b1ec6/serviceAccounts/736000845187-compute@developer.gserviceaccount.com","automaticUpdatePolicy":{}},"serviceConfig":{"service":"projects/beatmotion-b1ec6/locations/us-central1/services/deleteuser","timeoutSeconds":60,"environmentVariables":{"FIREBASE_CONFIG":"{\"projectId\":\"beatmotion-b1ec6\",\"databaseURL\":\"https://beatmotion-b1ec6-default-rtdb.firebaseio.com\",\"storageBucket\":\"beatmotion-b1ec6.firebasestorage.app\"}","GCLOUD_PROJECT":"beatmotion-b1ec6","EVENTARC_CLOUD_EVENT_SOURCE":"projects/beatmotion-b1ec6/locations/us-central1/services/deleteUser","FUNCTION_TARGET":"deleteUser","LOG_EXECUTION_ID":"true"},"ingressSettings":"ALLOW_ALL","serviceAccountEmail":"736000845187-compute@developer.gserviceaccount.com","availableMemory":"256Mi","maxInstanceRequestConcurrency":80,"availableCpu":"1"},"labels":{"deployment-tool":"cli-firebase","deployment-callable":"true","firebase-functions-hash":"d52e31fe79c06c097d9af89ed23b494131fec673"},"environment":"GEN_2"},"stages":[{"name":"BUILD","message":"Build in progress","state":"IN_PROGRESS","resource":"projects/736000845187/locations/us-central1/builds/36a5c739-b673-4398-9c83-9270b7e7cb3e","resourceUri":"https://console.cloud.google.com/cloud-build/builds;region=us-central1/36a5c739-b673-4398-9c83-9270b7e7cb3e?project=736000845187"},{"name":"SERVICE","state":"NOT_STARTED"}],"operationType":"CREATE_FUNCTION","buildName":"projects/736000845187/locations/us-central1/builds/36a5c739-b673-4398-9c83-9270b7e7cb3e"},"done":false}
