[debug] [2026-03-16T15:57:51.921Z] ----------------------------------------------------------------------
[debug] [2026-03-16T15:57:51.926Z] Command:       C:\Program Files\nodejs\node.exe C:\Users\andre\AppData\Roaming\npm\node_modules\firebase-tools\lib\bin\firebase.js deploy --only functions:onEnrollmentCreatedByManual
[debug] [2026-03-16T15:57:51.927Z] CLI Version:   15.5.1
[debug] [2026-03-16T15:57:51.927Z] Platform:      win32
[debug] [2026-03-16T15:57:51.927Z] Node Version:  v22.14.0
[debug] [2026-03-16T15:57:51.928Z] Time:          Mon Mar 16 2026 09:57:51 GMT-0600 (hora estándar central)
[debug] [2026-03-16T15:57:51.928Z] ----------------------------------------------------------------------
[debug] 
[debug] [2026-03-16T15:57:56.878Z] > command requires scopes: ["email","openid","https://www.googleapis.com/auth/cloudplatformprojects.readonly","https://www.googleapis.com/auth/firebase","https://www.googleapis.com/auth/cloud-platform"]
[debug] [2026-03-16T15:57:56.879Z] > authorizing via signed-in user (andreyjpg61@gmail.com)
[debug] [2026-03-16T15:57:56.880Z] [iam] checking project beatmotion-prod for permissions ["cloudfunctions.functions.create","cloudfunctions.functions.delete","cloudfunctions.functions.get","cloudfunctions.functions.list","cloudfunctions.functions.update","cloudfunctions.operations.get","firebase.projects.get"]
[debug] [2026-03-16T15:57:56.881Z] Checked if tokens are valid: true, expires at: 1773680205711
[debug] [2026-03-16T15:57:56.882Z] Checked if tokens are valid: true, expires at: 1773680205711
[debug] [2026-03-16T15:57:56.883Z] >>> [apiv2][query] POST https://cloudresourcemanager.googleapis.com/v1/projects/beatmotion-prod:testIamPermissions [none]
[debug] [2026-03-16T15:57:56.883Z] >>> [apiv2][(partial)header] POST https://cloudresourcemanager.googleapis.com/v1/projects/beatmotion-prod:testIamPermissions  x-goog-user-project=beatmotion-prod
[debug] [2026-03-16T15:57:56.884Z] >>> [apiv2][body] POST https://cloudresourcemanager.googleapis.com/v1/projects/beatmotion-prod:testIamPermissions {"permissions":["cloudfunctions.functions.create","cloudfunctions.functions.delete","cloudfunctions.functions.get","cloudfunctions.functions.list","cloudfunctions.functions.update","cloudfunctions.operations.get","firebase.projects.get"]}
[debug] [2026-03-16T15:57:57.282Z] <<< [apiv2][status] POST https://cloudresourcemanager.googleapis.com/v1/projects/beatmotion-prod:testIamPermissions 200
[debug] [2026-03-16T15:57:57.282Z] <<< [apiv2][body] POST https://cloudresourcemanager.googleapis.com/v1/projects/beatmotion-prod:testIamPermissions {"permissions":["cloudfunctions.functions.create","cloudfunctions.functions.delete","cloudfunctions.functions.get","cloudfunctions.functions.list","cloudfunctions.functions.update","cloudfunctions.operations.get","firebase.projects.get"]}
[debug] [2026-03-16T15:57:57.283Z] Checked if tokens are valid: true, expires at: 1773680205711
[debug] [2026-03-16T15:57:57.283Z] Checked if tokens are valid: true, expires at: 1773680205711
[debug] [2026-03-16T15:57:57.283Z] >>> [apiv2][query] POST https://iam.googleapis.com/v1/projects/beatmotion-prod/serviceAccounts/beatmotion-prod@appspot.gserviceaccount.com:testIamPermissions [none]
[debug] [2026-03-16T15:57:57.283Z] >>> [apiv2][body] POST https://iam.googleapis.com/v1/projects/beatmotion-prod/serviceAccounts/beatmotion-prod@appspot.gserviceaccount.com:testIamPermissions {"permissions":["iam.serviceAccounts.actAs"]}
[debug] [2026-03-16T15:57:57.688Z] <<< [apiv2][status] POST https://iam.googleapis.com/v1/projects/beatmotion-prod/serviceAccounts/beatmotion-prod@appspot.gserviceaccount.com:testIamPermissions 404
[debug] [2026-03-16T15:57:57.688Z] <<< [apiv2][body] POST https://iam.googleapis.com/v1/projects/beatmotion-prod/serviceAccounts/beatmotion-prod@appspot.gserviceaccount.com:testIamPermissions {"error":{"code":404,"message":"Unknown service account","status":"NOT_FOUND"}}
[debug] [2026-03-16T15:57:57.689Z] [functions] service account IAM check errored, deploy may fail: Request to https://iam.googleapis.com/v1/projects/beatmotion-prod/serviceAccounts/beatmotion-prod@appspot.gserviceaccount.com:testIamPermissions had HTTP Error: 404, Unknown service account {"name":"FirebaseError","children":[],"context":{"body":{"error":{"code":404,"message":"Unknown service account","status":"NOT_FOUND"}},"response":{"statusCode":404}},"exit":1,"message":"Request to https://iam.googleapis.com/v1/projects/beatmotion-prod/serviceAccounts/beatmotion-prod@appspot.gserviceaccount.com:testIamPermissions had HTTP Error: 404, Unknown service account","status":404}
[info] 
[info] === Deploying to 'beatmotion-prod'...
[info] 
[info] i  deploying functions 
[info] +  functions: Finished running predeploy script. 
[debug] [2026-03-16T15:57:57.700Z] Checked if tokens are valid: true, expires at: 1773680205711
[debug] [2026-03-16T15:57:57.700Z] Checked if tokens are valid: true, expires at: 1773680205711
[debug] [2026-03-16T15:57:57.700Z] >>> [apiv2][query] GET https://cloudresourcemanager.googleapis.com/v1/projects/beatmotion-prod [none]
[debug] [2026-03-16T15:57:57.857Z] <<< [apiv2][status] GET https://cloudresourcemanager.googleapis.com/v1/projects/beatmotion-prod 200
[debug] [2026-03-16T15:57:57.857Z] <<< [apiv2][body] GET https://cloudresourcemanager.googleapis.com/v1/projects/beatmotion-prod {"projectNumber":"892342668686","projectId":"beatmotion-prod","lifecycleState":"ACTIVE","name":"beatmotion-prod","labels":{"firebase":"enabled","firebase-core":"disabled"},"createTime":"2026-03-08T19:12:37.803661Z"}
[info] i  functions: preparing codebase default for deployment 
[info] i  functions: ensuring required API cloudfunctions.googleapis.com is enabled... 
[info] i  functions: ensuring required API cloudbuild.googleapis.com is enabled... 
[info] i  artifactregistry: ensuring required API artifactregistry.googleapis.com is enabled... 
[debug] [2026-03-16T15:57:57.862Z] Checked if tokens are valid: true, expires at: 1773680205711
[debug] [2026-03-16T15:57:57.862Z] Checked if tokens are valid: true, expires at: 1773680205711
[debug] [2026-03-16T15:57:57.863Z] >>> [apiv2][query] GET https://firebase.googleapis.com/v1beta1/projects/beatmotion-prod/adminSdkConfig [none]
[debug] [2026-03-16T15:57:58.329Z] <<< [apiv2][status] GET https://firebase.googleapis.com/v1beta1/projects/beatmotion-prod/adminSdkConfig 200
[debug] [2026-03-16T15:57:58.329Z] <<< [apiv2][body] GET https://firebase.googleapis.com/v1beta1/projects/beatmotion-prod/adminSdkConfig {"projectId":"beatmotion-prod","storageBucket":"beatmotion-prod.firebasestorage.app"}
[debug] [2026-03-16T15:57:58.329Z] Checked if tokens are valid: true, expires at: 1773680205711
[debug] [2026-03-16T15:57:58.330Z] Checked if tokens are valid: true, expires at: 1773680205711
[debug] [2026-03-16T15:57:58.330Z] >>> [apiv2][query] GET https://runtimeconfig.googleapis.com/v1beta1/projects/beatmotion-prod/configs [none]
[debug] [2026-03-16T15:57:58.804Z] <<< [apiv2][status] GET https://runtimeconfig.googleapis.com/v1beta1/projects/beatmotion-prod/configs 200
[debug] [2026-03-16T15:57:58.804Z] <<< [apiv2][body] GET https://runtimeconfig.googleapis.com/v1beta1/projects/beatmotion-prod/configs {}
[debug] [2026-03-16T15:57:58.807Z] Validating nodejs source
[warn] !  functions: package.json indicates an outdated version of firebase-functions. Please upgrade using npm install --save firebase-functions@latest in your functions directory. 
[warn] !  functions: Please note that there will be breaking changes when you upgrade. 
[debug] [2026-03-16T15:58:01.258Z] > [functions] package.json contents: {
  "name": "functions",
  "scripts": {
    "lint": "eslint --ext .js,.ts .",
    "build": "tsc",
    "build:watch": "tsc --watch",
    "serve": "npm run build && firebase emulators:start --only functions",
    "shell": "npm run build && firebase functions:shell",
    "start": "npm run shell",
    "deploy": "firebase deploy --only functions",
    "logs": "firebase functions:log"
  },
  "engines": {
    "node": "22"
  },
  "main": "lib/index.js",
  "dependencies": {
    "firebase-admin": "^12.6.0",
    "firebase-functions": "^6.0.1"
  },
  "devDependencies": {
    "@typescript-eslint/eslint-plugin": "^5.12.0",
    "@typescript-eslint/parser": "^5.12.0",
    "eslint": "^8.9.0",
    "eslint-config-google": "^0.14.0",
    "eslint-plugin-import": "^2.25.4",
    "firebase-functions-test": "^3.1.0",
    "typescript": "^5.7.3"
  },
  "private": true
}
[debug] [2026-03-16T15:58:01.259Z] Building nodejs source
[info] i  functions: Loading and analyzing source code for codebase default to determine what to deploy 
[debug] [2026-03-16T15:58:01.260Z] Could not find functions.yaml. Must use http discovery
[debug] [2026-03-16T15:58:01.283Z] Found firebase-functions binary at 'C:\Users\andre\Documents\GitHub\BeatMotion-Diria\functions\node_modules\.bin\firebase-functions'
[info] Serving at port 8044

[debug] [2026-03-16T15:58:03.114Z] Got response from /__/functions.yaml {"endpoints":{"onEnrollmentAccepted":{"availableMemoryMb":null,"timeoutSeconds":null,"minInstances":null,"maxInstances":null,"ingressSettings":null,"concurrency":null,"serviceAccountEmail":null,"vpc":null,"platform":"gcfv2","labels":{},"eventTrigger":{"eventType":"google.cloud.firestore.document.v1.updated","eventFilters":{"database":"(default)","namespace":"(default)"},"eventFilterPathPatterns":{"document":"enrollments/{enrollmentId}"},"retry":false},"entryPoint":"onEnrollmentAccepted"},"onEnrollmentCreatedByManual":{"availableMemoryMb":null,"timeoutSeconds":null,"minInstances":null,"maxInstances":null,"ingressSettings":null,"concurrency":null,"serviceAccountEmail":null,"vpc":null,"platform":"gcfv2","labels":{},"eventTrigger":{"eventType":"google.cloud.firestore.document.v1.created","eventFilters":{"database":"(default)","namespace":"(default)"},"eventFilterPathPatterns":{"document":"enrollments/{enrollmentId}"},"retry":false},"entryPoint":"onEnrollmentCreatedByManual"},"onPaymentAccepted":{"availableMemoryMb":null,"timeoutSeconds":null,"minInstances":null,"maxInstances":null,"ingressSettings":null,"concurrency":null,"serviceAccountEmail":null,"vpc":null,"platform":"gcfv2","labels":{},"eventTrigger":{"eventType":"google.cloud.firestore.document.v1.updated","eventFilters":{"database":"(default)","namespace":"(default)"},"eventFilterPathPatterns":{"document":"payments/{paymentId}"},"retry":false},"entryPoint":"onPaymentAccepted"},"sendExpoPushNotification":{"availableMemoryMb":null,"timeoutSeconds":null,"minInstances":null,"maxInstances":null,"ingressSettings":null,"concurrency":null,"serviceAccountEmail":null,"vpc":null,"platform":"gcfv2","labels":{},"callableTrigger":{},"entryPoint":"sendExpoPushNotification"},"checkPaymentStatus":{"availableMemoryMb":null,"timeoutSeconds":null,"minInstances":null,"maxInstances":null,"ingressSettings":null,"concurrency":null,"serviceAccountEmail":null,"vpc":null,"platform":"gcfv2","labels":{},"scheduleTrigger":{"schedule":"0 12 * * *","retryConfig":{},"timeZone":"America/Costa_Rica"},"entryPoint":"checkPaymentStatus"}},"specVersion":"v1alpha1","requiredAPIs":[{"api":"cloudscheduler.googleapis.com","reason":"Needed for scheduled functions."}],"extensions":{}}
